<?xml version="1.0" encoding="UTF-8"?>
<testsuites name="TS_6656" time="125.74" tests="4" failures="0" skips="0" errors="0">
   <testsuite name="TS_6656" tests="4" failures="0" errors="0" time="125.74" skips="0" timestamp="2021-01-10 14:07:36" hostname="xmichalx- - xmichalx" id="Test Suites/TS_6656">
      <properties>
         <property name="deviceName" value=""/>
         <property name="devicePlatform" value=""/>
         <property name="logFolder" value="C:\\Users\\xmichalx-\\Documents\\katalon\\testowanie\\Reports\\20210110_140729\\TS_6656\\20210110_140730"/>
         <property name="logFiles" value="C:\\Users\\xmichalx-\\Documents\\katalon\\testowanie\\Reports\\20210110_140729\\TS_6656\\20210110_140730\\execution0.log"/>
         <property name="attachments" value=""/>
         <property name="hostName" value="xmichalx- - xmichalx"/>
         <property name="os" value="Windows 8.1 64bit"/>
         <property name="katalonVersion" value="7.8.1.208"/>
         <property name="browser" value="Firefox 84.0"/>
         <property name="hostAddress" value="192.168.1.116"/>
         <property name="sessionId" value="66dad055-8ac6-4ba1-90f9-2ad7da7c12b8"/>
         <property name="seleniumVersion" value="3.141.59"/>
         <property name="proxyInformation" value="ProxyInformation { proxyOption=NO_PROXY, proxyServerType=HTTP, username=, password=********, proxyServerAddress=, proxyServerPort=0, executionList=&quot;&quot;, isApplyToDesiredCapabilities=true }"/>
         <property name="platform" value="Windows 8.1"/>
      </properties>
      <testcase name="Test Cases/TC_6656 - Rejestracja/TC_6656 - Rejestracja nowego konta" time="30.488" classname="Test Cases/TC_6656 - Rejestracja/TC_6656 - Rejestracja nowego konta" status="PASSED">
         <system-out><![CDATA[2021-01-10 14:07:36 - [TEST_CASE][PASSED] - Test Cases/TC_6656 - Rejestracja/TC_6656 - Rejestracja nowego konta: Test Cases/TC_6656 - Rejestracja/TC_6656 - Rejestracja nowego konta

2021-01-10 14:07:37 - [TEST_STEP][PASSED] - openBrowser(""): Browser is opened with url: ''

2021-01-10 14:07:37 - [MESSAGE][INFO] - Starting 'Firefox' driver

2021-01-10 14:07:37 - [MESSAGE][INFO] - Action delay is set to 0 milliseconds

2021-01-10 14:07:42 - [MESSAGE][PASSED] - Browser is opened with url: ''

2021-01-10 14:07:42 - [TEST_STEP][PASSED] - navigateToUrl("http://automationpractice.com/index.php?controller=authentication&back=my-account"): Navigate to 'http://automationpractice.com/index.php?controller=authentication&back=my-account' successfully

2021-01-10 14:07:48 - [MESSAGE][ERROR] - Unable to locate element: #katalon_only_element
For documentation on this error, please visit: https://www.seleniumhq.org/exceptions/no_such_element.html
Build info: version: '3.141.59', revision: 'e82be7d358', time: '2018-11-14T08:25:53'
System info: host: 'XMICHALX', ip: '192.168.1.116', os.name: 'Windows 8.1', os.arch: 'amd64', os.version: '6.3', java.version: '1.8.0_181'
Driver info: com.kms.katalon.core.webui.driver.firefox.CGeckoDriver
Capabilities {acceptInsecureCerts: true, browserName: firefox, browserVersion: 84.0.2, javascriptEnabled: true, moz:accessibilityChecks: false, moz:buildID: 20210105180113, moz:geckodriverVersion: 0.23.0, moz:headless: false, moz:processID: 7088, moz:profile: C:\Users\xmichalx-\AppData\..., moz:shutdownTimeout: 60000, moz:useNonSpecCompliantPointerOrigin: false, moz:webdriverClick: true, pageLoadStrategy: normal, platform: WINDOWS, platformName: WINDOWS, platformVersion: 6.3, proxy: Proxy(direct), rotatable: false, setWindowRect: true, strictFileInteractability: false, timeouts: {implicit: 0, pageLoad: 300000, script: 30000}, unhandledPromptBehavior: dismiss and notify}
Session ID: d974bd4a-e2f2-440e-b026-5923be7e3a5f
*** Element info: {Using=id, value=katalon_only_element}

2021-01-10 14:07:48 - [MESSAGE][PASSED] - Navigate to 'http://automationpractice.com/index.php?controller=authentication&back=my-account' successfully

2021-01-10 14:07:48 - [TEST_STEP][PASSED] - setText(findTestObject("Page_Login - My Store/input_Email address_email_create"), email): Text 'asdf34@w2.pl' is set on object 'Object Repository/Page_Login - My Store/input_Email address_email_create'

2021-01-10 14:07:48 - [MESSAGE][PASSED] - Text 'asdf34@w2.pl' is set on object 'Object Repository/Page_Login - My Store/input_Email address_email_create'

2021-01-10 14:07:48 - [TEST_STEP][PASSED] - click(findTestObject("Object Repository/Page_Login - My Store/span_Create an account")): Object: 'Object Repository/Page_Login - My Store/span_Create an account' is clicked on

2021-01-10 14:07:49 - [MESSAGE][PASSED] - Object: 'Object Repository/Page_Login - My Store/span_Create an account' is clicked on

2021-01-10 14:07:49 - [TEST_STEP][PASSED] - click(findTestObject("Object Repository/Page_Login - My Store/input_Mr._id_gender")): Object: 'Object Repository/Page_Login - My Store/input_Mr._id_gender' is clicked on

2021-01-10 14:07:51 - [MESSAGE][PASSED] - Object: 'Object Repository/Page_Login - My Store/input_Mr._id_gender' is clicked on

2021-01-10 14:07:51 - [TEST_STEP][PASSED] - setText(findTestObject("Object Repository/Page_Login - My Store/input__customer_firstname"), name): Text 'Jan' is set on object 'Object Repository/Page_Login - My Store/input__customer_firstname'

2021-01-10 14:07:52 - [MESSAGE][PASSED] - Text 'Jan' is set on object 'Object Repository/Page_Login - My Store/input__customer_firstname'

2021-01-10 14:07:52 - [TEST_STEP][PASSED] - setText(findTestObject("Object Repository/Page_Login - My Store/input__customer_lastname"), surname): Text 'Kowalski' is set on object 'Object Repository/Page_Login - My Store/input__customer_lastname'

2021-01-10 14:07:53 - [MESSAGE][PASSED] - Text 'Kowalski' is set on object 'Object Repository/Page_Login - My Store/input__customer_lastname'

2021-01-10 14:07:53 - [TEST_STEP][PASSED] - setEncryptedText(findTestObject("Object Repository/Page_Login - My Store/input__passwd"), password): Text ****** has been set on object 'Object Repository/Page_Login - My Store/input__passwd'

2021-01-10 14:07:53 - [MESSAGE][PASSED] - Text ****** has been set on object 'Object Repository/Page_Login - My Store/input__passwd'

2021-01-10 14:07:53 - [TEST_STEP][PASSED] - selectOptionByValue(findTestObject("Object Repository/Page_Login - My Store/select_-12345678910111213141516171819202122_51e29d"), dayBorn, true): All options with value '18' are selected in object 'Object Repository/Page_Login - My Store/select_-12345678910111213141516171819202122_51e29d'  using regular expression

2021-01-10 14:07:55 - [MESSAGE][PASSED] - All options with value '18' are selected in object 'Object Repository/Page_Login - My Store/select_-12345678910111213141516171819202122_51e29d'  using regular expression

2021-01-10 14:07:55 - [TEST_STEP][PASSED] - selectOptionByValue(findTestObject("Object Repository/Page_Login - My Store/select_-JanuaryFebruaryMarchAprilMayJuneJul_702766"), monthBorn, true): All options with value '11' are selected in object 'Object Repository/Page_Login - My Store/select_-JanuaryFebruaryMarchAprilMayJuneJul_702766'  using regular expression

2021-01-10 14:07:56 - [MESSAGE][PASSED] - All options with value '11' are selected in object 'Object Repository/Page_Login - My Store/select_-JanuaryFebruaryMarchAprilMayJuneJul_702766'  using regular expression

2021-01-10 14:07:56 - [TEST_STEP][PASSED] - selectOptionByValue(findTestObject("Object Repository/Page_Login - My Store/select_-20202019201820172016201520142013201_ed0939"), yearBorn, true): All options with value '1994' are selected in object 'Object Repository/Page_Login - My Store/select_-20202019201820172016201520142013201_ed0939'  using regular expression

2021-01-10 14:07:58 - [MESSAGE][PASSED] - All options with value '1994' are selected in object 'Object Repository/Page_Login - My Store/select_-20202019201820172016201520142013201_ed0939'  using regular expression

2021-01-10 14:07:58 - [TEST_STEP][PASSED] - setText(findTestObject("Object Repository/Page_Login - My Store/input__address1"), street): Text 'Ulica Street 45/1' is set on object 'Object Repository/Page_Login - My Store/input__address1'

2021-01-10 14:07:59 - [MESSAGE][PASSED] - Text 'Ulica Street 45/1' is set on object 'Object Repository/Page_Login - My Store/input__address1'

2021-01-10 14:07:59 - [TEST_STEP][PASSED] - setText(findTestObject("Object Repository/Page_Login - My Store/input__city"), city): Text 'Las Vegas' is set on object 'Object Repository/Page_Login - My Store/input__city'

2021-01-10 14:07:59 - [MESSAGE][PASSED] - Text 'Las Vegas' is set on object 'Object Repository/Page_Login - My Store/input__city'

2021-01-10 14:07:59 - [TEST_STEP][PASSED] - selectOptionByValue(findTestObject("Object Repository/Page_Login - My Store/select_-AlabamaAlaskaArizonaArkansasCalifor_c52141"), stateIndex, true): All options with value '28' are selected in object 'Object Repository/Page_Login - My Store/select_-AlabamaAlaskaArizonaArkansasCalifor_c52141'  using regular expression

2021-01-10 14:08:01 - [MESSAGE][PASSED] - All options with value '28' are selected in object 'Object Repository/Page_Login - My Store/select_-AlabamaAlaskaArizonaArkansasCalifor_c52141'  using regular expression

2021-01-10 14:08:01 - [TEST_STEP][PASSED] - setText(findTestObject("Object Repository/Page_Login - My Store/input__postcode"), postCode): Text '55678' is set on object 'Object Repository/Page_Login - My Store/input__postcode'

2021-01-10 14:08:01 - [MESSAGE][PASSED] - Text '55678' is set on object 'Object Repository/Page_Login - My Store/input__postcode'

2021-01-10 14:08:01 - [TEST_STEP][PASSED] - setText(findTestObject("Object Repository/Page_Login - My Store/input__phone_mobile"), phone): Text '611622633' is set on object 'Object Repository/Page_Login - My Store/input__phone_mobile'

2021-01-10 14:08:02 - [MESSAGE][PASSED] - Text '611622633' is set on object 'Object Repository/Page_Login - My Store/input__phone_mobile'

2021-01-10 14:08:02 - [TEST_STEP][PASSED] - click(findTestObject("Object Repository/Page_Login - My Store/span_Register")): Object: 'Object Repository/Page_Login - My Store/span_Register' is clicked on

2021-01-10 14:08:05 - [MESSAGE][PASSED] - Object: 'Object Repository/Page_Login - My Store/span_Register' is clicked on

2021-01-10 14:08:05 - [TEST_STEP][PASSED] - closeBrowser(): Browser is closed

2021-01-10 14:08:07 - [MESSAGE][PASSED] - Browser is closed]]></system-out>
         <system-err><![CDATA[]]></system-err>
      </testcase>
      <testcase name="Test Cases/TC_6656 - Rejestracja/TC_6656 - Weryfikacja działania walidacji w formularzu rejestracji" time="50.55" classname="Test Cases/TC_6656 - Rejestracja/TC_6656 - Weryfikacja działania walidacji w formularzu rejestracji" status="PASSED">
         <system-out><![CDATA[2021-01-10 14:08:07 - [TEST_CASE][PASSED] - Test Cases/TC_6656 - Rejestracja/TC_6656 - Weryfikacja działania walidacji w formularzu rejestracji: Test Cases/TC_6656 - Rejestracja/TC_6656 - Weryfikacja działania walidacji w formularzu rejestracji

2021-01-10 14:08:07 - [TEST_STEP][PASSED] - openBrowser(""): Browser is opened with url: ''

2021-01-10 14:08:07 - [MESSAGE][INFO] - Starting 'Firefox' driver

2021-01-10 14:08:07 - [MESSAGE][INFO] - Action delay is set to 0 milliseconds

2021-01-10 14:08:12 - [MESSAGE][PASSED] - Browser is opened with url: ''

2021-01-10 14:08:12 - [TEST_STEP][PASSED] - navigateToUrl("http://automationpractice.com/index.php?controller=authentication&back=my-account"): Navigate to 'http://automationpractice.com/index.php?controller=authentication&back=my-account' successfully

2021-01-10 14:08:17 - [MESSAGE][ERROR] - Unable to locate element: #katalon_only_element
For documentation on this error, please visit: https://www.seleniumhq.org/exceptions/no_such_element.html
Build info: version: '3.141.59', revision: 'e82be7d358', time: '2018-11-14T08:25:53'
System info: host: 'XMICHALX', ip: '192.168.1.116', os.name: 'Windows 8.1', os.arch: 'amd64', os.version: '6.3', java.version: '1.8.0_181'
Driver info: com.kms.katalon.core.webui.driver.firefox.CGeckoDriver
Capabilities {acceptInsecureCerts: true, browserName: firefox, browserVersion: 84.0.2, javascriptEnabled: true, moz:accessibilityChecks: false, moz:buildID: 20210105180113, moz:geckodriverVersion: 0.23.0, moz:headless: false, moz:processID: 7828, moz:profile: C:\Users\xmichalx-\AppData\..., moz:shutdownTimeout: 60000, moz:useNonSpecCompliantPointerOrigin: false, moz:webdriverClick: true, pageLoadStrategy: normal, platform: WINDOWS, platformName: WINDOWS, platformVersion: 6.3, proxy: Proxy(direct), rotatable: false, setWindowRect: true, strictFileInteractability: false, timeouts: {implicit: 0, pageLoad: 300000, script: 30000}, unhandledPromptBehavior: dismiss and notify}
Session ID: 86969847-e1d4-49f8-91bb-f528e57d50a4
*** Element info: {Using=id, value=katalon_only_element}

2021-01-10 14:08:17 - [MESSAGE][PASSED] - Navigate to 'http://automationpractice.com/index.php?controller=authentication&back=my-account' successfully

2021-01-10 14:08:17 - [TEST_STEP][PASSED] - waitForElementVisible(findTestObject("Object Repository/Page_Login - My Store/span_Create an account"), 0): Object 'Object Repository/Page_Login - My Store/span_Create an account' is visible

2021-01-10 14:08:17 - [MESSAGE][WARNING] - Timeout '0' is invalid. Using default page load timeout: '30'

2021-01-10 14:08:18 - [MESSAGE][PASSED] - Object 'Object Repository/Page_Login - My Store/span_Create an account' is visible

2021-01-10 14:08:18 - [TEST_STEP][PASSED] - click(findTestObject("Object Repository/Page_Login - My Store/span_Create an account")): Object: 'Object Repository/Page_Login - My Store/span_Create an account' is clicked on

2021-01-10 14:08:18 - [MESSAGE][PASSED] - Object: 'Object Repository/Page_Login - My Store/span_Create an account' is clicked on

2021-01-10 14:08:18 - [TEST_STEP][PASSED] - verifyElementVisible(findTestObject("Object Repository/Page_Login - My Store/div_Invalid email address")): Object 'Object Repository/Page_Login - My Store/div_Invalid email address' is visible

2021-01-10 14:08:19 - [MESSAGE][PASSED] - Object 'Object Repository/Page_Login - My Store/div_Invalid email address' is visible

2021-01-10 14:08:19 - [TEST_STEP][PASSED] - verifyElementText(findTestObject("Object Repository/Page_Login - My Store/li_Invalid email address"), "Invalid email address."): Actual text and expected text of test object 'Object Repository/Page_Login - My Store/li_Invalid email address' are matched.

2021-01-10 14:08:19 - [MESSAGE][PASSED] - Actual text and expected text of test object 'Object Repository/Page_Login - My Store/li_Invalid email address' are matched.

2021-01-10 14:08:19 - [TEST_STEP][PASSED] - setText(findTestObject("Page_Login - My Store/input_Email address_email_create"), email): Text 'asdf35@w2.pl' is set on object 'Object Repository/Page_Login - My Store/input_Email address_email_create'

2021-01-10 14:08:20 - [MESSAGE][PASSED] - Text 'asdf35@w2.pl' is set on object 'Object Repository/Page_Login - My Store/input_Email address_email_create'

2021-01-10 14:08:20 - [TEST_STEP][PASSED] - click(findTestObject("Object Repository/Page_Login - My Store/span_Create an account")): Object: 'Object Repository/Page_Login - My Store/span_Create an account' is clicked on

2021-01-10 14:08:20 - [MESSAGE][PASSED] - Object: 'Object Repository/Page_Login - My Store/span_Create an account' is clicked on

2021-01-10 14:08:20 - [TEST_STEP][PASSED] - verifyElementVisible(findTestObject("Object Repository/Page_Login - My Store/form_Your personal informationTitleMr.Mrs.F_0dfd37")): Object 'Object Repository/Page_Login - My Store/form_Your personal informationTitleMr.Mrs.F_0dfd37' is visible

2021-01-10 14:08:22 - [MESSAGE][PASSED] - Object 'Object Repository/Page_Login - My Store/form_Your personal informationTitleMr.Mrs.F_0dfd37' is visible

2021-01-10 14:08:22 - [TEST_STEP][PASSED] - click(findTestObject("Object Repository/Page_Login - My Store/span_Register")): Object: 'Object Repository/Page_Login - My Store/span_Register' is clicked on

2021-01-10 14:08:25 - [MESSAGE][PASSED] - Object: 'Object Repository/Page_Login - My Store/span_Register' is clicked on

2021-01-10 14:08:25 - [TEST_STEP][PASSED] - verifyElementText(findTestObject("Object Repository/Page_Login - My Store/p_There are 8 errors"), "There are 8 errors"): Actual text and expected text of test object 'Object Repository/Page_Login - My Store/p_There are 8 errors' are matched.

2021-01-10 14:08:25 - [MESSAGE][PASSED] - Actual text and expected text of test object 'Object Repository/Page_Login - My Store/p_There are 8 errors' are matched.

2021-01-10 14:08:25 - [TEST_STEP][PASSED] - verifyElementText(findTestObject("Object Repository/Page_Login - My Store/li_You must register at least one phone number"), "You must register at least one phone number."): Actual text and expected text of test object 'Object Repository/Page_Login - My Store/li_You must register at least one phone number' are matched.

2021-01-10 14:08:25 - [MESSAGE][PASSED] - Actual text and expected text of test object 'Object Repository/Page_Login - My Store/li_You must register at least one phone number' are matched.

2021-01-10 14:08:25 - [TEST_STEP][PASSED] - setText(findTestObject("Object Repository/Page_Login - My Store/input__phone_mobile"), phone): Text '611622633' is set on object 'Object Repository/Page_Login - My Store/input__phone_mobile'

2021-01-10 14:08:26 - [MESSAGE][PASSED] - Text '611622633' is set on object 'Object Repository/Page_Login - My Store/input__phone_mobile'

2021-01-10 14:08:26 - [TEST_STEP][PASSED] - click(findTestObject("Object Repository/Page_Login - My Store/span_Register")): Object: 'Object Repository/Page_Login - My Store/span_Register' is clicked on

2021-01-10 14:08:29 - [MESSAGE][PASSED] - Object: 'Object Repository/Page_Login - My Store/span_Register' is clicked on

2021-01-10 14:08:29 - [TEST_STEP][PASSED] - verifyElementText(findTestObject("Object Repository/Page_Login - My Store/p_There are 7 errors"), "There are 7 errors"): Actual text and expected text of test object 'Object Repository/Page_Login - My Store/p_There are 7 errors' are matched.

2021-01-10 14:08:29 - [MESSAGE][PASSED] - Actual text and expected text of test object 'Object Repository/Page_Login - My Store/p_There are 7 errors' are matched.

2021-01-10 14:08:29 - [TEST_STEP][PASSED] - verifyElementText(findTestObject("Object Repository/Page_Login - My Store/li_lastname is required"), "lastname is required."): Actual text and expected text of test object 'Object Repository/Page_Login - My Store/li_lastname is required' are matched.

2021-01-10 14:08:30 - [MESSAGE][PASSED] - Actual text and expected text of test object 'Object Repository/Page_Login - My Store/li_lastname is required' are matched.

2021-01-10 14:08:30 - [TEST_STEP][PASSED] - setText(findTestObject("Object Repository/Page_Login - My Store/input__customer_lastname"), surname): Text 'Kowalski' is set on object 'Object Repository/Page_Login - My Store/input__customer_lastname'

2021-01-10 14:08:31 - [MESSAGE][PASSED] - Text 'Kowalski' is set on object 'Object Repository/Page_Login - My Store/input__customer_lastname'

2021-01-10 14:08:31 - [TEST_STEP][PASSED] - click(findTestObject("Object Repository/Page_Login - My Store/span_Register")): Object: 'Object Repository/Page_Login - My Store/span_Register' is clicked on

2021-01-10 14:08:34 - [MESSAGE][PASSED] - Object: 'Object Repository/Page_Login - My Store/span_Register' is clicked on

2021-01-10 14:08:34 - [TEST_STEP][PASSED] - verifyElementText(findTestObject("Object Repository/Page_Login - My Store/p_There are 6 errors"), "There are 6 errors"): Actual text and expected text of test object 'Object Repository/Page_Login - My Store/p_There are 6 errors' are matched.

2021-01-10 14:08:35 - [MESSAGE][PASSED] - Actual text and expected text of test object 'Object Repository/Page_Login - My Store/p_There are 6 errors' are matched.

2021-01-10 14:08:35 - [TEST_STEP][PASSED] - verifyElementText(findTestObject("Object Repository/Page_Login - My Store/li_firstname is required"), "firstname is required."): Actual text and expected text of test object 'Object Repository/Page_Login - My Store/li_firstname is required' are matched.

2021-01-10 14:08:35 - [MESSAGE][PASSED] - Actual text and expected text of test object 'Object Repository/Page_Login - My Store/li_firstname is required' are matched.

2021-01-10 14:08:35 - [TEST_STEP][PASSED] - setText(findTestObject("Object Repository/Page_Login - My Store/input__customer_firstname"), name): Text 'Jan' is set on object 'Object Repository/Page_Login - My Store/input__customer_firstname'

2021-01-10 14:08:36 - [MESSAGE][PASSED] - Text 'Jan' is set on object 'Object Repository/Page_Login - My Store/input__customer_firstname'

2021-01-10 14:08:36 - [TEST_STEP][PASSED] - click(findTestObject("Object Repository/Page_Login - My Store/span_Register")): Object: 'Object Repository/Page_Login - My Store/span_Register' is clicked on

2021-01-10 14:08:39 - [MESSAGE][PASSED] - Object: 'Object Repository/Page_Login - My Store/span_Register' is clicked on

2021-01-10 14:08:39 - [TEST_STEP][PASSED] - verifyElementText(findTestObject("Object Repository/Page_Login - My Store/p_There are 5 errors"), "There are 5 errors"): Actual text and expected text of test object 'Object Repository/Page_Login - My Store/p_There are 5 errors' are matched.

2021-01-10 14:08:39 - [MESSAGE][PASSED] - Actual text and expected text of test object 'Object Repository/Page_Login - My Store/p_There are 5 errors' are matched.

2021-01-10 14:08:39 - [TEST_STEP][PASSED] - verifyElementText(findTestObject("Object Repository/Page_Login - My Store/li_address1 is required"), "address1 is required."): Actual text and expected text of test object 'Object Repository/Page_Login - My Store/li_address1 is required' are matched.

2021-01-10 14:08:39 - [MESSAGE][PASSED] - Actual text and expected text of test object 'Object Repository/Page_Login - My Store/li_address1 is required' are matched.

2021-01-10 14:08:39 - [TEST_STEP][PASSED] - setText(findTestObject("Object Repository/Page_Login - My Store/input__address1"), street): Text 'Ulica Street 45/1' is set on object 'Object Repository/Page_Login - My Store/input__address1'

2021-01-10 14:08:40 - [MESSAGE][PASSED] - Text 'Ulica Street 45/1' is set on object 'Object Repository/Page_Login - My Store/input__address1'

2021-01-10 14:08:40 - [TEST_STEP][PASSED] - click(findTestObject("Object Repository/Page_Login - My Store/span_Register")): Object: 'Object Repository/Page_Login - My Store/span_Register' is clicked on

2021-01-10 14:08:43 - [MESSAGE][PASSED] - Object: 'Object Repository/Page_Login - My Store/span_Register' is clicked on

2021-01-10 14:08:43 - [TEST_STEP][PASSED] - verifyElementText(findTestObject("Object Repository/Page_Login - My Store/p_There are 4 errors"), "There are 4 errors"): Actual text and expected text of test object 'Object Repository/Page_Login - My Store/p_There are 4 errors' are matched.

2021-01-10 14:08:43 - [MESSAGE][PASSED] - Actual text and expected text of test object 'Object Repository/Page_Login - My Store/p_There are 4 errors' are matched.

2021-01-10 14:08:43 - [TEST_STEP][PASSED] - verifyElementText(findTestObject("Object Repository/Page_Login - My Store/li_city is required"), "city is required."): Actual text and expected text of test object 'Object Repository/Page_Login - My Store/li_city is required' are matched.

2021-01-10 14:08:44 - [MESSAGE][PASSED] - Actual text and expected text of test object 'Object Repository/Page_Login - My Store/li_city is required' are matched.

2021-01-10 14:08:44 - [TEST_STEP][PASSED] - setText(findTestObject("Object Repository/Page_Login - My Store/input__city"), city): Text 'Las Vegas' is set on object 'Object Repository/Page_Login - My Store/input__city'

2021-01-10 14:08:44 - [MESSAGE][PASSED] - Text 'Las Vegas' is set on object 'Object Repository/Page_Login - My Store/input__city'

2021-01-10 14:08:44 - [TEST_STEP][PASSED] - click(findTestObject("Object Repository/Page_Login - My Store/span_Register")): Object: 'Object Repository/Page_Login - My Store/span_Register' is clicked on

2021-01-10 14:08:46 - [MESSAGE][PASSED] - Object: 'Object Repository/Page_Login - My Store/span_Register' is clicked on

2021-01-10 14:08:46 - [TEST_STEP][PASSED] - verifyElementText(findTestObject("Object Repository/Page_Login - My Store/p_There are 3 errors"), "There are 3 errors"): Actual text and expected text of test object 'Object Repository/Page_Login - My Store/p_There are 3 errors' are matched.

2021-01-10 14:08:47 - [MESSAGE][PASSED] - Actual text and expected text of test object 'Object Repository/Page_Login - My Store/p_There are 3 errors' are matched.

2021-01-10 14:08:47 - [TEST_STEP][PASSED] - verifyElementText(findTestObject("Object Repository/Page_Login - My Store/li_The ZipPostal code youve entered is inva_8cea72"), "The Zip/Postal code you've entered is invalid. It must follow this format: 00000"): Actual text and expected text of test object 'Object Repository/Page_Login - My Store/li_The ZipPostal code youve entered is inva_8cea72' are matched.

2021-01-10 14:08:47 - [MESSAGE][PASSED] - Actual text and expected text of test object 'Object Repository/Page_Login - My Store/li_The ZipPostal code youve entered is inva_8cea72' are matched.

2021-01-10 14:08:47 - [TEST_STEP][PASSED] - setText(findTestObject("Object Repository/Page_Login - My Store/input__postcode"), postCode): Text '55678' is set on object 'Object Repository/Page_Login - My Store/input__postcode'

2021-01-10 14:08:47 - [MESSAGE][PASSED] - Text '55678' is set on object 'Object Repository/Page_Login - My Store/input__postcode'

2021-01-10 14:08:47 - [TEST_STEP][PASSED] - click(findTestObject("Object Repository/Page_Login - My Store/span_Register")): Object: 'Object Repository/Page_Login - My Store/span_Register' is clicked on

2021-01-10 14:08:49 - [MESSAGE][PASSED] - Object: 'Object Repository/Page_Login - My Store/span_Register' is clicked on

2021-01-10 14:08:49 - [TEST_STEP][PASSED] - verifyElementText(findTestObject("Object Repository/Page_Login - My Store/p_There are 2 errors"), "There are 2 errors"): Actual text and expected text of test object 'Object Repository/Page_Login - My Store/p_There are 2 errors' are matched.

2021-01-10 14:08:50 - [MESSAGE][PASSED] - Actual text and expected text of test object 'Object Repository/Page_Login - My Store/p_There are 2 errors' are matched.

2021-01-10 14:08:50 - [TEST_STEP][PASSED] - verifyElementText(findTestObject("Object Repository/Page_Login - My Store/li_This country requires you to choose a State"), "This country requires you to choose a State."): Actual text and expected text of test object 'Object Repository/Page_Login - My Store/li_This country requires you to choose a State' are matched.

2021-01-10 14:08:50 - [MESSAGE][PASSED] - Actual text and expected text of test object 'Object Repository/Page_Login - My Store/li_This country requires you to choose a State' are matched.

2021-01-10 14:08:50 - [TEST_STEP][PASSED] - selectOptionByValue(findTestObject("Object Repository/Page_Login - My Store/select_-AlabamaAlaskaArizonaArkansasCalifor_c52141"), stateIndex, true): All options with value '28' are selected in object 'Object Repository/Page_Login - My Store/select_-AlabamaAlaskaArizonaArkansasCalifor_c52141'  using regular expression

2021-01-10 14:08:52 - [MESSAGE][PASSED] - All options with value '28' are selected in object 'Object Repository/Page_Login - My Store/select_-AlabamaAlaskaArizonaArkansasCalifor_c52141'  using regular expression

2021-01-10 14:08:52 - [TEST_STEP][PASSED] - click(findTestObject("Object Repository/Page_Login - My Store/span_Register")): Object: 'Object Repository/Page_Login - My Store/span_Register' is clicked on

2021-01-10 14:08:54 - [MESSAGE][PASSED] - Object: 'Object Repository/Page_Login - My Store/span_Register' is clicked on

2021-01-10 14:08:54 - [TEST_STEP][PASSED] - verifyElementText(findTestObject("Object Repository/Page_Login - My Store/p_There is 1 error"), "There is 1 error"): Actual text and expected text of test object 'Object Repository/Page_Login - My Store/p_There is 1 error' are matched.

2021-01-10 14:08:54 - [MESSAGE][PASSED] - Actual text and expected text of test object 'Object Repository/Page_Login - My Store/p_There is 1 error' are matched.

2021-01-10 14:08:54 - [TEST_STEP][PASSED] - verifyElementText(findTestObject("Object Repository/Page_Login - My Store/li_passwd is required"), "passwd is required."): Actual text and expected text of test object 'Object Repository/Page_Login - My Store/li_passwd is required' are matched.

2021-01-10 14:08:55 - [MESSAGE][PASSED] - Actual text and expected text of test object 'Object Repository/Page_Login - My Store/li_passwd is required' are matched.

2021-01-10 14:08:55 - [TEST_STEP][PASSED] - setEncryptedText(findTestObject("Object Repository/Page_Login - My Store/input__passwd"), password): Text ****** has been set on object 'Object Repository/Page_Login - My Store/input__passwd'

2021-01-10 14:08:55 - [MESSAGE][PASSED] - Text ****** has been set on object 'Object Repository/Page_Login - My Store/input__passwd'

2021-01-10 14:08:55 - [TEST_STEP][PASSED] - click(findTestObject("Object Repository/Page_Login - My Store/span_Register")): Object: 'Object Repository/Page_Login - My Store/span_Register' is clicked on

2021-01-10 14:08:57 - [MESSAGE][PASSED] - Object: 'Object Repository/Page_Login - My Store/span_Register' is clicked on

2021-01-10 14:08:57 - [TEST_STEP][PASSED] - verifyElementVisible(findTestObject("Object Repository/Page_My account - My Store/a_Sign out")): Object 'Object Repository/Page_My account - My Store/a_Sign out' is visible

2021-01-10 14:08:57 - [MESSAGE][PASSED] - Object 'Object Repository/Page_My account - My Store/a_Sign out' is visible]]></system-out>
         <system-err><![CDATA[]]></system-err>
      </testcase>
      <testcase name="Test Cases/TC_6656 - Dodaj do koszyka/TC_6656 - Dodaj do koszyka ze strony głównej" time="22.195" classname="Test Cases/TC_6656 - Dodaj do koszyka/TC_6656 - Dodaj do koszyka ze strony głównej" status="PASSED">
         <system-out><![CDATA[2021-01-10 14:08:57 - [TEST_CASE][PASSED] - Test Cases/TC_6656 - Dodaj do koszyka/TC_6656 - Dodaj do koszyka ze strony głównej: Test Cases/TC_6656 - Dodaj do koszyka/TC_6656 - Dodaj do koszyka ze strony głównej

2021-01-10 14:08:58 - [TEST_STEP][PASSED] - openBrowser(""): Browser is opened with url: ''

2021-01-10 14:08:58 - [MESSAGE][WARNING] - A browser is already opened. Closing browser and opening a new one

2021-01-10 14:08:59 - [MESSAGE][INFO] - Starting 'Firefox' driver

2021-01-10 14:08:59 - [MESSAGE][INFO] - Action delay is set to 0 milliseconds

2021-01-10 14:09:04 - [MESSAGE][PASSED] - Browser is opened with url: ''

2021-01-10 14:09:04 - [TEST_STEP][PASSED] - navigateToUrl("http://automationpractice.com/index.php"): Navigate to 'http://automationpractice.com/index.php' successfully

2021-01-10 14:09:13 - [MESSAGE][ERROR] - Unable to locate element: #katalon_only_element
For documentation on this error, please visit: https://www.seleniumhq.org/exceptions/no_such_element.html
Build info: version: '3.141.59', revision: 'e82be7d358', time: '2018-11-14T08:25:53'
System info: host: 'XMICHALX', ip: '192.168.1.116', os.name: 'Windows 8.1', os.arch: 'amd64', os.version: '6.3', java.version: '1.8.0_181'
Driver info: com.kms.katalon.core.webui.driver.firefox.CGeckoDriver
Capabilities {acceptInsecureCerts: true, browserName: firefox, browserVersion: 84.0.2, javascriptEnabled: true, moz:accessibilityChecks: false, moz:buildID: 20210105180113, moz:geckodriverVersion: 0.23.0, moz:headless: false, moz:processID: 1572, moz:profile: C:\Users\xmichalx-\AppData\..., moz:shutdownTimeout: 60000, moz:useNonSpecCompliantPointerOrigin: false, moz:webdriverClick: true, pageLoadStrategy: normal, platform: WINDOWS, platformName: WINDOWS, platformVersion: 6.3, proxy: Proxy(direct), rotatable: false, setWindowRect: true, strictFileInteractability: false, timeouts: {implicit: 0, pageLoad: 300000, script: 30000}, unhandledPromptBehavior: dismiss and notify}
Session ID: 8b7ec2a2-d37e-4689-8070-85f6f0f6e11d
*** Element info: {Using=id, value=katalon_only_element}

2021-01-10 14:09:13 - [MESSAGE][PASSED] - Navigate to 'http://automationpractice.com/index.php' successfully

2021-01-10 14:09:13 - [TEST_STEP][PASSED] - scrollToElement(findTestObject("Object Repository/Page_My Store/li_Quick view16.51Faded Short Sleeve T-shir_47dcca"), 0): Scroll to object 'Object Repository/Page_My Store/li_Quick view16.51Faded Short Sleeve T-shir_47dcca' successfully

2021-01-10 14:09:13 - [MESSAGE][WARNING] - Timeout '0' is invalid. Using default page load timeout: '30'

2021-01-10 14:09:13 - [MESSAGE][PASSED] - Scroll to object 'Object Repository/Page_My Store/li_Quick view16.51Faded Short Sleeve T-shir_47dcca' successfully

2021-01-10 14:09:13 - [TEST_STEP][PASSED] - productName = getText(findTestObject("Object Repository/Page_My Store/a_Faded Short Sleeve T-shirts")): Text of object 'Object Repository/Page_My Store/a_Faded Short Sleeve T-shirts' is: 'Faded Short Sleeve T-shirts'

2021-01-10 14:09:13 - [MESSAGE][PASSED] - Text of object 'Object Repository/Page_My Store/a_Faded Short Sleeve T-shirts' is: 'Faded Short Sleeve T-shirts'

2021-01-10 14:09:13 - [TEST_STEP][PASSED] - mouseOver(findTestObject("Object Repository/Page_My Store/a_Faded Short Sleeve T-shirts")): Object: 'Object Repository/Page_My Store/a_Faded Short Sleeve T-shirts' is hovered

2021-01-10 14:09:14 - [MESSAGE][PASSED] - Object: 'Object Repository/Page_My Store/a_Faded Short Sleeve T-shirts' is hovered

2021-01-10 14:09:14 - [TEST_STEP][PASSED] - verifyElementVisible(findTestObject("Object Repository/Page_My Store/span_Add to cart")): Object 'Object Repository/Page_My Store/span_Add to cart' is visible

2021-01-10 14:09:14 - [MESSAGE][PASSED] - Object 'Object Repository/Page_My Store/span_Add to cart' is visible

2021-01-10 14:09:14 - [TEST_STEP][PASSED] - verifyElementClickable(findTestObject("Object Repository/Page_My Store/span_Add to cart")): Object 'Object Repository/Page_My Store/span_Add to cart' is clickable

2021-01-10 14:09:14 - [MESSAGE][PASSED] - Object 'Object Repository/Page_My Store/span_Add to cart' is clickable

2021-01-10 14:09:14 - [TEST_STEP][PASSED] - click(findTestObject("Object Repository/Page_My Store/span_Add to cart")): Object: 'Object Repository/Page_My Store/span_Add to cart' is clicked on

2021-01-10 14:09:15 - [MESSAGE][PASSED] - Object: 'Object Repository/Page_My Store/span_Add to cart' is clicked on

2021-01-10 14:09:15 - [TEST_STEP][PASSED] - waitForElementVisible(findTestObject("Object Repository/Page_My Store/div_Product successfully added to your shop_ab4221"), 0): Object 'Object Repository/Page_My Store/div_Product successfully added to your shop_ab4221' is visible

2021-01-10 14:09:15 - [MESSAGE][WARNING] - Timeout '0' is invalid. Using default page load timeout: '30'

2021-01-10 14:09:16 - [MESSAGE][PASSED] - Object 'Object Repository/Page_My Store/div_Product successfully added to your shop_ab4221' is visible

2021-01-10 14:09:16 - [TEST_STEP][PASSED] - verifyElementText(findTestObject("Object Repository/Page_My Store/h2_Product successfully added to your shopp_45f75f"), "Product successfully added to your shopping cart"): Actual text and expected text of test object 'Object Repository/Page_My Store/h2_Product successfully added to your shopp_45f75f' are matched.

2021-01-10 14:09:16 - [MESSAGE][PASSED] - Actual text and expected text of test object 'Object Repository/Page_My Store/h2_Product successfully added to your shopp_45f75f' are matched.

2021-01-10 14:09:16 - [TEST_STEP][PASSED] - navigateToUrl("http://automationpractice.com/index.php?controller=order"): Navigate to 'http://automationpractice.com/index.php?controller=order' successfully

2021-01-10 14:09:19 - [MESSAGE][ERROR] - Unable to locate element: #katalon_only_element
For documentation on this error, please visit: https://www.seleniumhq.org/exceptions/no_such_element.html
Build info: version: '3.141.59', revision: 'e82be7d358', time: '2018-11-14T08:25:53'
System info: host: 'XMICHALX', ip: '192.168.1.116', os.name: 'Windows 8.1', os.arch: 'amd64', os.version: '6.3', java.version: '1.8.0_181'
Driver info: com.kms.katalon.core.webui.driver.firefox.CGeckoDriver
Capabilities {acceptInsecureCerts: true, browserName: firefox, browserVersion: 84.0.2, javascriptEnabled: true, moz:accessibilityChecks: false, moz:buildID: 20210105180113, moz:geckodriverVersion: 0.23.0, moz:headless: false, moz:processID: 1572, moz:profile: C:\Users\xmichalx-\AppData\..., moz:shutdownTimeout: 60000, moz:useNonSpecCompliantPointerOrigin: false, moz:webdriverClick: true, pageLoadStrategy: normal, platform: WINDOWS, platformName: WINDOWS, platformVersion: 6.3, proxy: Proxy(direct), rotatable: false, setWindowRect: true, strictFileInteractability: false, timeouts: {implicit: 0, pageLoad: 300000, script: 30000}, unhandledPromptBehavior: dismiss and notify}
Session ID: 8b7ec2a2-d37e-4689-8070-85f6f0f6e11d
*** Element info: {Using=id, value=katalon_only_element}

2021-01-10 14:09:19 - [MESSAGE][PASSED] - Navigate to 'http://automationpractice.com/index.php?controller=order' successfully

2021-01-10 14:09:19 - [TEST_STEP][PASSED] - verifyElementText(findTestObject("Page_Order - My Store/a_ProductName"), productName): Actual text and expected text of test object 'Object Repository/Page_Order - My Store/a_ProductName' are matched.

2021-01-10 14:09:19 - [MESSAGE][PASSED] - Actual text and expected text of test object 'Object Repository/Page_Order - My Store/a_ProductName' are matched.

2021-01-10 14:09:19 - [TEST_STEP][PASSED] - assert getAttribute(findTestObject("Page_Order - My Store/input_quantity"), "value") == expectedQuantity: Attribute 'value' of object 'Object Repository/Page_Order - My Store/input_quantity' is: '1'

2021-01-10 14:09:20 - [MESSAGE][PASSED] - Attribute 'value' of object 'Object Repository/Page_Order - My Store/input_quantity' is: '1']]></system-out>
         <system-err><![CDATA[]]></system-err>
      </testcase>
      <testcase name="Test Cases/TC_6656 - Dodaj do koszyka/TC_6656 - Dodaj do koszyka ze strony produktu" time="21.738" classname="Test Cases/TC_6656 - Dodaj do koszyka/TC_6656 - Dodaj do koszyka ze strony produktu" status="PASSED">
         <system-out><![CDATA[2021-01-10 14:09:20 - [TEST_CASE][PASSED] - Test Cases/TC_6656 - Dodaj do koszyka/TC_6656 - Dodaj do koszyka ze strony produktu: Test Cases/TC_6656 - Dodaj do koszyka/TC_6656 - Dodaj do koszyka ze strony produktu

2021-01-10 14:09:20 - [TEST_STEP][PASSED] - openBrowser(""): Browser is opened with url: ''

2021-01-10 14:09:20 - [MESSAGE][WARNING] - A browser is already opened. Closing browser and opening a new one

2021-01-10 14:09:21 - [MESSAGE][INFO] - Starting 'Firefox' driver

2021-01-10 14:09:21 - [MESSAGE][INFO] - Action delay is set to 0 milliseconds

2021-01-10 14:09:26 - [MESSAGE][PASSED] - Browser is opened with url: ''

2021-01-10 14:09:26 - [TEST_STEP][PASSED] - navigateToUrl("http://automationpractice.com/index.php?id_product=2&controller=product"): Navigate to 'http://automationpractice.com/index.php?id_product=2&controller=product' successfully

2021-01-10 14:09:33 - [MESSAGE][ERROR] - Unable to locate element: #katalon_only_element
For documentation on this error, please visit: https://www.seleniumhq.org/exceptions/no_such_element.html
Build info: version: '3.141.59', revision: 'e82be7d358', time: '2018-11-14T08:25:53'
System info: host: 'XMICHALX', ip: '192.168.1.116', os.name: 'Windows 8.1', os.arch: 'amd64', os.version: '6.3', java.version: '1.8.0_181'
Driver info: com.kms.katalon.core.webui.driver.firefox.CGeckoDriver
Capabilities {acceptInsecureCerts: true, browserName: firefox, browserVersion: 84.0.2, javascriptEnabled: true, moz:accessibilityChecks: false, moz:buildID: 20210105180113, moz:geckodriverVersion: 0.23.0, moz:headless: false, moz:processID: 5292, moz:profile: C:\Users\xmichalx-\AppData\..., moz:shutdownTimeout: 60000, moz:useNonSpecCompliantPointerOrigin: false, moz:webdriverClick: true, pageLoadStrategy: normal, platform: WINDOWS, platformName: WINDOWS, platformVersion: 6.3, proxy: Proxy(direct), rotatable: false, setWindowRect: true, strictFileInteractability: false, timeouts: {implicit: 0, pageLoad: 300000, script: 30000}, unhandledPromptBehavior: dismiss and notify}
Session ID: 66dad055-8ac6-4ba1-90f9-2ad7da7c12b8
*** Element info: {Using=id, value=katalon_only_element}

2021-01-10 14:09:33 - [MESSAGE][PASSED] - Navigate to 'http://automationpractice.com/index.php?id_product=2&controller=product' successfully

2021-01-10 14:09:33 - [TEST_STEP][PASSED] - productName = getText(findTestObject("Object Repository/Page_Blouse - My Store/h1_Blouse")): Text of object 'Object Repository/Page_Blouse - My Store/h1_Blouse' is: 'Blouse'

2021-01-10 14:09:33 - [MESSAGE][PASSED] - Text of object 'Object Repository/Page_Blouse - My Store/h1_Blouse' is: 'Blouse'

2021-01-10 14:09:33 - [TEST_STEP][PASSED] - selectOptionByValue(findTestObject("Object Repository/Page_Blouse - My Store/select_SML"), "2", true): All options with value '2' are selected in object 'Object Repository/Page_Blouse - My Store/select_SML'  using regular expression

2021-01-10 14:09:34 - [MESSAGE][PASSED] - All options with value '2' are selected in object 'Object Repository/Page_Blouse - My Store/select_SML'  using regular expression

2021-01-10 14:09:34 - [TEST_STEP][PASSED] - click(findTestObject("Object Repository/Page_Blouse - My Store/a_Color_White")): Object: 'Object Repository/Page_Blouse - My Store/a_Color_White' is clicked on

2021-01-10 14:09:35 - [MESSAGE][PASSED] - Object: 'Object Repository/Page_Blouse - My Store/a_Color_White' is clicked on

2021-01-10 14:09:35 - [TEST_STEP][PASSED] - verifyElementVisible(findTestObject("Object Repository/Page_Blouse - My Store/span_Add to cart")): Object 'Object Repository/Page_Blouse - My Store/span_Add to cart' is visible

2021-01-10 14:09:35 - [MESSAGE][PASSED] - Object 'Object Repository/Page_Blouse - My Store/span_Add to cart' is visible

2021-01-10 14:09:35 - [TEST_STEP][PASSED] - verifyElementClickable(findTestObject("Object Repository/Page_Blouse - My Store/span_Add to cart")): Object 'Object Repository/Page_Blouse - My Store/span_Add to cart' is clickable

2021-01-10 14:09:36 - [MESSAGE][PASSED] - Object 'Object Repository/Page_Blouse - My Store/span_Add to cart' is clickable

2021-01-10 14:09:36 - [TEST_STEP][PASSED] - click(findTestObject("Object Repository/Page_Blouse - My Store/span_Add to cart")): Object: 'Object Repository/Page_Blouse - My Store/span_Add to cart' is clicked on

2021-01-10 14:09:36 - [MESSAGE][PASSED] - Object: 'Object Repository/Page_Blouse - My Store/span_Add to cart' is clicked on

2021-01-10 14:09:36 - [TEST_STEP][PASSED] - waitForElementVisible(findTestObject("Object Repository/Page_My Store/div_Product successfully added to your shop_ab4221"), 0): Object 'Object Repository/Page_My Store/div_Product successfully added to your shop_ab4221' is visible

2021-01-10 14:09:36 - [MESSAGE][WARNING] - Timeout '0' is invalid. Using default page load timeout: '30'

2021-01-10 14:09:37 - [MESSAGE][PASSED] - Object 'Object Repository/Page_My Store/div_Product successfully added to your shop_ab4221' is visible

2021-01-10 14:09:37 - [TEST_STEP][PASSED] - verifyElementText(findTestObject("Object Repository/Page_My Store/h2_Product successfully added to your shopp_45f75f"), "Product successfully added to your shopping cart"): Actual text and expected text of test object 'Object Repository/Page_My Store/h2_Product successfully added to your shopp_45f75f' are matched.

2021-01-10 14:09:37 - [MESSAGE][PASSED] - Actual text and expected text of test object 'Object Repository/Page_My Store/h2_Product successfully added to your shopp_45f75f' are matched.

2021-01-10 14:09:37 - [TEST_STEP][PASSED] - navigateToUrl("http://automationpractice.com/index.php?controller=order"): Navigate to 'http://automationpractice.com/index.php?controller=order' successfully

2021-01-10 14:09:41 - [MESSAGE][ERROR] - Unable to locate element: #katalon_only_element
For documentation on this error, please visit: https://www.seleniumhq.org/exceptions/no_such_element.html
Build info: version: '3.141.59', revision: 'e82be7d358', time: '2018-11-14T08:25:53'
System info: host: 'XMICHALX', ip: '192.168.1.116', os.name: 'Windows 8.1', os.arch: 'amd64', os.version: '6.3', java.version: '1.8.0_181'
Driver info: com.kms.katalon.core.webui.driver.firefox.CGeckoDriver
Capabilities {acceptInsecureCerts: true, browserName: firefox, browserVersion: 84.0.2, javascriptEnabled: true, moz:accessibilityChecks: false, moz:buildID: 20210105180113, moz:geckodriverVersion: 0.23.0, moz:headless: false, moz:processID: 5292, moz:profile: C:\Users\xmichalx-\AppData\..., moz:shutdownTimeout: 60000, moz:useNonSpecCompliantPointerOrigin: false, moz:webdriverClick: true, pageLoadStrategy: normal, platform: WINDOWS, platformName: WINDOWS, platformVersion: 6.3, proxy: Proxy(direct), rotatable: false, setWindowRect: true, strictFileInteractability: false, timeouts: {implicit: 0, pageLoad: 300000, script: 30000}, unhandledPromptBehavior: dismiss and notify}
Session ID: 66dad055-8ac6-4ba1-90f9-2ad7da7c12b8
*** Element info: {Using=id, value=katalon_only_element}

2021-01-10 14:09:41 - [MESSAGE][PASSED] - Navigate to 'http://automationpractice.com/index.php?controller=order' successfully

2021-01-10 14:09:41 - [TEST_STEP][PASSED] - verifyElementText(findTestObject("Page_Order - My Store/a_ProductName"), productName): Actual text and expected text of test object 'Object Repository/Page_Order - My Store/a_ProductName' are matched.

2021-01-10 14:09:41 - [MESSAGE][PASSED] - Actual text and expected text of test object 'Object Repository/Page_Order - My Store/a_ProductName' are matched.

2021-01-10 14:09:41 - [TEST_STEP][PASSED] - assert getAttribute(findTestObject("Page_Order - My Store/input_quantity"), "value") == expectedQuantity: Attribute 'value' of object 'Object Repository/Page_Order - My Store/input_quantity' is: '1'

2021-01-10 14:09:41 - [MESSAGE][PASSED] - Attribute 'value' of object 'Object Repository/Page_Order - My Store/input_quantity' is: '1']]></system-out>
         <system-err><![CDATA[]]></system-err>
      </testcase>
      <system-out><![CDATA[2021-01-10 14:07:36 - [TEST_SUITE][INCOMPLETE] - TS_6656: null]]></system-out>
      <system-err><![CDATA[2021-01-10 14:07:36 - [TEST_SUITE][INCOMPLETE] - TS_6656: null]]></system-err>
   </testsuite>
</testsuites>
